proguard/seeds.txt
com.space.nqueen.InfoActivity
com.space.nqueen.InfoActivity: InfoActivity()
com.space.nqueen.MainActivity
com.space.nqueen.MainActivity: MainActivity()
com.space.nqueen.QueenActivity
com.space.nqueen.QueenActivity: QueenActivity()
com.space.nqueen.R$anim: int abc_fade_in
com.space.nqueen.R$anim: int abc_fade_out
com.space.nqueen.R$anim: int abc_grow_fade_in_from_bottom
com.space.nqueen.R$anim: int abc_popup_enter
com.space.nqueen.R$anim: int abc_popup_exit
com.space.nqueen.R$anim: int abc_shrink_fade_out_from_bottom
com.space.nqueen.R$anim: int abc_slide_in_bottom
com.space.nqueen.R$anim: int abc_slide_in_top
com.space.nqueen.R$anim: int abc_slide_out_bottom
com.space.nqueen.R$anim: int abc_slide_out_top
com.space.nqueen.R$anim: int in_from_left
com.space.nqueen.R$anim: int in_from_right
com.space.nqueen.R$anim: int out_to_left
com.space.nqueen.R$anim: int out_to_right
com.space.nqueen.R$attr: int actionBarDivider
com.space.nqueen.R$attr: int actionBarItemBackground
com.space.nqueen.R$attr: int actionBarPopupTheme
com.space.nqueen.R$attr: int actionBarSize
com.space.nqueen.R$attr: int actionBarSplitStyle
com.space.nqueen.R$attr: int actionBarStyle
com.space.nqueen.R$attr: int actionBarTabBarStyle
com.space.nqueen.R$attr: int actionBarTabStyle
com.space.nqueen.R$attr: int actionBarTabTextStyle
com.space.nqueen.R$attr: int actionBarTheme
com.space.nqueen.R$attr: int actionBarWidgetTheme
com.space.nqueen.R$attr: int actionButtonStyle
com.space.nqueen.R$attr: int actionDropDownStyle
com.space.nqueen.R$attr: int actionLayout
com.space.nqueen.R$attr: int actionMenuTextAppearance
com.space.nqueen.R$attr: int actionMenuTextColor
com.space.nqueen.R$attr: int actionModeBackground
com.space.nqueen.R$attr: int actionModeCloseButtonStyle
com.space.nqueen.R$attr: int actionModeCloseDrawable
com.space.nqueen.R$attr: int actionModeCopyDrawable
com.space.nqueen.R$attr: int actionModeCutDrawable
com.space.nqueen.R$attr: int actionModeFindDrawable
com.space.nqueen.R$attr: int actionModePasteDrawable
com.space.nqueen.R$attr: int actionModePopupWindowStyle
com.space.nqueen.R$attr: int actionModeSelectAllDrawable
com.space.nqueen.R$attr: int actionModeShareDrawable
com.space.nqueen.R$attr: int actionModeSplitBackground
com.space.nqueen.R$attr: int actionModeStyle
com.space.nqueen.R$attr: int actionModeWebSearchDrawable
com.space.nqueen.R$bool: int abc_action_bar_embed_tabs
com.space.nqueen.R$bool: int abc_action_bar_embed_tabs_pre_jb
com.space.nqueen.R$bool: int abc_action_bar_expanded_action_views_exclusive
com.space.nqueen.R$bool: int abc_allow_stacked_button_bar
com.space.nqueen.R$bool: int abc_config_actionMenuItemAllCaps
com.space.nqueen.R$bool: int abc_config_allowActionMenuItemTextWithIcon
com.space.nqueen.R$bool: int abc_config_closeDialogWhenTouchOutside
com.space.nqueen.R$bool: int abc_config_showMenuShortcutsWhenKeyboardPresent
...
android.support.v7.widget.ButtonBarLayout
android.support.v7.widget.ButtonBarLayout: ButtonBarLayout(android.content.Context,android.util.AttributeSet)
android.support.v7.widget.ButtonBarLayout: void setAllowStacking(boolean)
android.support.v7.widget.ButtonBarLayout: void setStacked(boolean)
android.support.v7.widget.ContentFrameLayout
android.support.v7.widget.ContentFrameLayout: ContentFrameLayout(android.content.Context)
android.support.v7.widget.ContentFrameLayout: ContentFrameLayout(android.content.Context,android.util.AttributeSet)
android.support.v7.widget.ContentFrameLayout: ContentFrameLayout(android.content.Context,android.util.AttributeSet,int)
android.support.v7.widget.ContentFrameLayout: void setAttachListener(android.support.v7.widget.ContentFrameLayout$OnAttachListener)
android.support.v7.widget.ContentFrameLayout: android.util.TypedValue getMinWidthMajor()
android.support.v7.widget.ContentFrameLayout: android.util.TypedValue getMinWidthMinor()
android.support.v7.widget.ContentFrameLayout: android.util.TypedValue getFixedWidthMajor()
android.support.v7.widget.ContentFrameLayout: android.util.TypedValue getFixedWidthMinor()
android.support.v7.widget.ContentFrameLayout: android.util.TypedValue getFixedHeightMajor()
android.support.v7.widget.ContentFrameLayout: android.util.TypedValue getFixedHeightMinor()
android.support.v7.widget.DialogTitle
android.support.v7.widget.DialogTitle: DialogTitle(android.content.Context,android.util.AttributeSet,int)
android.support.v7.widget.DialogTitle: DialogTitle(android.content.Context,android.util.AttributeSet)
android.support.v7.widget.DialogTitle: DialogTitle(android.content.Context)
android.support.v7.widget.FitWindowsFrameLayout
android.support.v7.widget.FitWindowsFrameLayout: FitWindowsFrameLayout(android.content.Context)
android.support.v7.widget.FitWindowsFrameLayout: FitWindowsFrameLayout(android.content.Context,android.util.AttributeSet)
android.support.v7.widget.FitWindowsFrameLayout: void setOnFitSystemWindowsListener(android.support.v7.widget.FitWindowsViewGroup$OnFitSystemWindowsListener)
android.support.v7.widget.FitWindowsLinearLayout
android.support.v7.widget.FitWindowsLinearLayout: FitWindowsLinearLayout(android.content.Context)
android.support.v7.widget.FitWindowsLinearLayout: FitWindowsLinearLayout(android.content.Context,android.util.AttributeSet)
android.support.v7.widget.FitWindowsLinearLayout: void setOnFitSystemWindowsListener(android.support.v7.widget.FitWindowsViewGroup$OnFitSystemWindowsListener)