proguard/mapping.txt
com.space.nqueen.InfoActivity -> com.space.nqueen.InfoActivity:
    void onCreate(android.os.Bundle) -> onCreate
    boolean onKeyDown(int,android.view.KeyEvent) -> onKeyDown
com.space.nqueen.MainActivity -> com.space.nqueen.MainActivity:
    android.widget.EditText numEditText -> a
    android.widget.Button btDraw -> b
    android.widget.ImageButton aboutIb -> c
    void onCreate(android.os.Bundle) -> onCreate
    android.widget.EditText access$0(com.space.nqueen.MainActivity) -> a
com.space.nqueen.MainActivity$1 -> com.space.nqueen.a:
    com.space.nqueen.MainActivity this$0 -> a
    void onClick(android.view.View) -> onClick
com.space.nqueen.MainActivity$2 -> com.space.nqueen.b:
    com.space.nqueen.MainActivity this$0 -> a
    void onClick(android.view.View) -> onClick
com.space.nqueen.QueenActivity -> com.space.nqueen.QueenActivity:
    android.widget.Button btGo -> b
    android.widget.Button btNext -> c
    android.widget.Button btLast -> d
    android.widget.Button btAuto -> e
    android.widget.Button btSetColumns -> f
    android.widget.Button btSpdUp -> g
    android.widget.Button btSpqDn -> h
    android.widget.Button btStop -> i
    android.widget.Button btQuit -> j
    android.widget.Button btDanbu -> k
    android.widget.TextView tvSum -> l
    android.widget.TextView tvCur -> m
    android.widget.TextView tvStepGoing -> n
    android.widget.TextView tvQueenNum -> o
    android.widget.ScrollView stepSay -> p
    android.widget.GridLayout queenGrid -> q
    android.widget.LinearLayout cttGoAll -> r
    android.widget.LinearLayout cttShow -> s
    java.util.ArrayList bts -> t
    int mScreenHeight -> u
    int mScreenWidth -> v
    int itemLength -> w
    int colums -> x
    int resNum -> y
    int[] testingLine -> z
    int currentResult -> A
    java.lang.String resultsChain -> B
    int tmpCurrent -> C
    int runSpeed -> D
    com.space.nqueen.QueenActivity$ShowThread showingThread -> E
    boolean maxSpeed -> F
    boolean minSpeed -> G
    int stepingRow -> H
    int stepingColumn -> I
    boolean firstClick -> J
    int dbStep -> K
    java.lang.String saying -> a
    int[] stepLine -> L
    android.os.Handler mHandler -> M
    void onCreate(android.os.Bundle) -> onCreate
    void initViews() -> a
    void queen(int) -> a
com.space.nqueen.QueenActivity$1 -> com.space.nqueen.c:
    com.space.nqueen.QueenActivity this$0 -> a
    void handleMessage(android.os.Message) -> handleMessage
com.space.nqueen.QueenActivity$10 -> com.space.nqueen.d:
    com.space.nqueen.QueenActivity this$0 -> a
    void onClick(android.view.View) -> onClick
com.space.nqueen.QueenActivity$11 -> com.space.nqueen.e:
    com.space.nqueen.QueenActivity this$0 -> a
    void onClick(android.view.View) -> onClick
com.space.nqueen.QueenActivity$2 -> com.space.nqueen.f:
    com.space.nqueen.QueenActivity this$0 -> a
    void onClick(android.view.View) -> onClick
com.space.nqueen.QueenActivity$3 -> com.space.nqueen.g:
    com.space.nqueen.QueenActivity this$0 -> a
    void onClick(android.view.View) -> onClick
com.space.nqueen.QueenActivity$4 -> com.space.nqueen.h:
    com.space.nqueen.QueenActivity this$0 -> a
    void onClick(android.view.View) -> onClick
com.space.nqueen.QueenActivity$5 -> com.space.nqueen.i:
    com.space.nqueen.QueenActivity this$0 -> a
    void onClick(android.view.View) -> onClick
com.space.nqueen.QueenActivity$6 -> com.space.nqueen.j:
    com.space.nqueen.QueenActivity this$0 -> a
    void onClick(android.view.View) -> onClick
com.space.nqueen.QueenActivity$7 -> com.space.nqueen.k:
    com.space.nqueen.QueenActivity this$0 -> a
    void onClick(android.view.View) -> onClick
com.space.nqueen.QueenActivity$8 -> com.space.nqueen.l:
    com.space.nqueen.QueenActivity this$0 -> a
    void onClick(android.view.View) -> onClick
com.space.nqueen.QueenActivity$9 -> com.space.nqueen.m:
    com.space.nqueen.QueenActivity this$0 -> a
    void onClick(android.view.View) -> onClick
...
android.support.v7.widget.ListPopupWindow$PopupScrollListener -> android.support.v7.widget.bu:
    android.support.v7.widget.ListPopupWindow this$0 -> a
    void onScroll(android.widget.AbsListView,int,int,int) -> onScroll
    void onScrollStateChanged(android.widget.AbsListView,int) -> onScrollStateChanged
android.support.v7.widget.ListPopupWindow$PopupTouchInterceptor -> android.support.v7.widget.bv:
    android.support.v7.widget.ListPopupWindow this$0 -> a
    boolean onTouch(android.view.View,android.view.MotionEvent) -> onTouch
android.support.v7.widget.ListPopupWindow$ResizePopupRunnable -> android.support.v7.widget.bw:
    android.support.v7.widget.ListPopupWindow this$0 -> a
    void run() -> run
android.support.v7.widget.ListViewCompat -> android.support.v7.widget.bx:
    int[] STATE_SET_NOTHING -> g
    android.graphics.Rect mSelectorRect -> a
    int mSelectionLeftPadding -> b
    int mSelectionTopPadding -> c
    int mSelectionRightPadding -> d
    int mSelectionBottomPadding -> e
    int mMotionPosition -> f
    java.lang.reflect.Field mIsChildViewEnabled -> h
    android.support.v7.widget.ListViewCompat$GateKeeperDrawable mSelector -> i
    void setSelector(android.graphics.drawable.Drawable) -> setSelector
    void drawableStateChanged() -> drawableStateChanged
    void dispatchDraw(android.graphics.Canvas) -> dispatchDraw
    boolean onTouchEvent(android.view.MotionEvent) -> onTouchEvent
    void updateSelectorStateCompat() -> b
    boolean shouldShowSelectorCompat() -> c
    boolean touchModeDrawsInPressedStateCompat() -> a
    void drawSelectorCompat(android.graphics.Canvas) -> a
    void positionSelectorLikeTouchCompat(int,android.view.View,float,float) -> a
    void positionSelectorLikeFocusCompat(int,android.view.View) -> a
    void positionSelectorCompat(int,android.view.View) -> b
    int measureHeightOfChildrenCompat(int,int,int,int,int) -> a
    void setSelectorEnabled(boolean) -> setSelectorEnabled
android.support.v7.widget.ListViewCompat$GateKeeperDrawable -> android.support.v7.widget.by:
    boolean mEnabled -> a
    void setEnabled(boolean) -> a
    boolean setState(int[]) -> setState
    void draw(android.graphics.Canvas) -> draw
    void setHotspot(float,float) -> setHotspot
    void setHotspotBounds(int,int,int,int) -> setHotspotBounds
    boolean setVisible(boolean,boolean) -> setVisible
android.support.v7.widget.RtlSpacingHelper -> android.support.v7.widget.bz:
    int mLeft -> a
    int mRight -> b
    int mStart -> c
    int mEnd -> d
    int mExplicitLeft -> e
    int mExplicitRight -> f
    boolean mIsRtl -> g
    boolean mIsRelative -> h
    int getLeft() -> a
    int getRight() -> b
    int getStart() -> c
    int getEnd() -> d
    void setRelative(int,int) -> a
    void setAbsolute(int,int) -> b
    void setDirection(boolean) -> a