proguard/usage.txt
com.space.nqueen.BuildConfig
com.space.nqueen.R
com.space.nqueen.R$anim
com.space.nqueen.R$attr
com.space.nqueen.R$bool
com.space.nqueen.R$color
com.space.nqueen.R$dimen
com.space.nqueen.R$drawable
com.space.nqueen.R$id
com.space.nqueen.R$integer
com.space.nqueen.R$layout
com.space.nqueen.R$menu
com.space.nqueen.R$raw
com.space.nqueen.R$string
com.space.nqueen.R$style
com.space.nqueen.R$styleable
...
android.support.v4.graphics.BitmapCompatHoneycombMr1
android.support.v4.graphics.BitmapCompatJellybeanMR2
android.support.v4.graphics.BitmapCompatKitKat
android.support.v4.graphics.ColorUtils:
    private static final double XYZ_WHITE_REFERENCE_X
    private static final double XYZ_WHITE_REFERENCE_Y
    private static final double XYZ_WHITE_REFERENCE_Z
    private static final double XYZ_EPSILON
    private static final double XYZ_KAPPA
    private static final int MIN_ALPHA_SEARCH_MAX_ITERATIONS
    private static final int MIN_ALPHA_SEARCH_PRECISION
    42:42:private ColorUtils()
    77:80:public static double calculateLuminance(int)
    91:104:public static double calculateContrast(int,int)
    119:154:public static int calculateMinimumAlpha(int,int,float)
    173:207:public static void RGBToHSL(int,int,int,float[])
    221:222:public static void colorToHSL(int,float[])
    238:288:public static int HSLToColor(float[])
    310:311:public static void colorToLAB(int,double[])
    331:335:public static void RGBToLAB(int,int,int,double[])
    353:354:public static void colorToXYZ(int,double[])
    376:390:public static void RGBToXYZ(int,int,int,double[])
    413:422:public static void XYZToLAB(double,double,double,double[])
    445:459:public static void LABToXYZ(double,double,double,double[])
    476:484:public static int XYZToColor(double,double,double)
    502:504:public static int LABToColor(double,double,double)
    511:511:public static double distanceEuclidean(double[],double[])
    517:517:private static float constrain(float,float,float)
    521:521:private static int constrain(int,int,int)
android.support.v4.graphics.drawable.DrawableCompat:
    482:485:public static android.graphics.drawable.Drawable unwrap(android.graphics.drawable.Drawable)
    499:500:public static void setLayoutDirection(android.graphics.drawable.Drawable,int)
    513:513:private DrawableCompat()
android.support.v4.graphics.drawable.DrawableCompat$BaseDrawableImpl:
    110:110:public void setLayoutDirection(android.graphics.drawable.Drawable,int)
android.support.v4.graphics.drawable.DrawableCompat$DrawableImpl:
    public abstract void setLayoutDirection(android.graphics.drawable.Drawable,int)
android.support.v4.graphics.drawable.DrawableCompat$JellybeanMr1DrawableImpl:
    172:173:public void setLayoutDirection(android.graphics.drawable.Drawable,int)
android.support.v4.graphics.drawable.DrawableCompat$MDrawableImpl:
    270:271:public void setLayoutDirection(android.graphics.drawable.Drawable,int)
android.support.v4.graphics.drawable.DrawableCompatApi23:
    24:24:DrawableCompatApi23()
    26:27:public static void setLayoutDirection(android.graphics.drawable.Drawable,int)
android.support.v4.graphics.drawable.DrawableCompatBase:
    32:32:DrawableCompatBase()
android.support.v4.graphics.drawable.DrawableCompatEclair:
    24:24:DrawableCompatEclair()
android.support.v4.graphics.drawable.DrawableCompatHoneycomb:
    26:26:DrawableCompatHoneycomb()
android.support.v4.graphics.drawable.DrawableCompatJellybeanMr1:
    private static final java.lang.String TAG
    private static java.lang.reflect.Method sSetLayoutDirectionMethod
    private static boolean sSetLayoutDirectionMethodFetched
    30:30:DrawableCompatJellybeanMr1()
    41:60:public static void setLayoutDirection(android.graphics.drawable.Drawable,int)
android.support.v4.graphics.drawable.DrawableCompatKitKat:
    26:26:DrawableCompatKitKat()
android.support.v4.graphics.drawable.DrawableCompatLollipop:
    33:33:DrawableCompatLollipop()
android.support.v4.graphics.drawable.DrawableWrapper:
    public abstract void setWrappedDrawable(android.graphics.drawable.Drawable)
android.support.v4.graphics.drawable.RoundedBitmapDrawable
android.support.v4.graphics.drawable.RoundedBitmapDrawable21
android.support.v4.graphics.drawable.RoundedBitmapDrawableFactory
android.support.v4.graphics.drawable.RoundedBitmapDrawableFactory$DefaultRoundedBitmapDrawable